#
# There is insufficient memory for the Java Runtime Environment to continue.
# Native memory allocation (malloc) failed to allocate 1492656 bytes for Chunk::new
# Possible reasons:
#   The system is out of physical RAM or swap space
#   The process is running with CompressedOops enabled, and the Java Heap may be blocking the growth of the native heap
# Possible solutions:
#   Reduce memory load on the system
#   Increase physical memory or swap space
#   Check if swap backing store is full
#   Decrease Java heap size (-Xmx/-Xms)
#   Decrease number of Java threads
#   Decrease Java thread stack sizes (-Xss)
#   Set larger code cache with -XX:ReservedCodeCacheSize=
#   JVM is running with Unscaled Compressed Oops mode in which the Java heap is
#     placed in the first 4GB address space. The Java Heap base address is the
#     maximum limit for the native heap growth. Please use -XX:HeapBaseMinAddress
#     to set the Java Heap base and to place the Java Heap above 4GB virtual address.
# This output file may be truncated or incomplete.
#
#  Out of Memory Error (./src/hotspot/share/memory/arena.cpp:197), pid=3732, tid=5048
#
# JRE version: OpenJDK Runtime Environment (11.0.13) (build 11.0.13+0-b1751.21-8125866)
# Java VM: OpenJDK 64-Bit Server VM (11.0.13+0-b1751.21-8125866, mixed mode, tiered, compressed oops, g1 gc, windows-amd64)
# No core dump will be written. Minidumps are not enabled by default on client versions of Windows
#

---------------  S U M M A R Y ------------

Command Line: --add-opens=java.base/java.util=ALL-UNNAMED --add-opens=java.base/java.lang=ALL-UNNAMED --add-opens=java.base/java.lang.invoke=ALL-UNNAMED --add-opens=java.base/java.util=ALL-UNNAMED --add-opens=java.prefs/java.util.prefs=ALL-UNNAMED --add-opens=java.prefs/java.util.prefs=ALL-UNNAMED --add-opens=java.base/java.nio.charset=ALL-UNNAMED --add-opens=java.base/java.net=ALL-UNNAMED --add-opens=java.base/java.util.concurrent.atomic=ALL-UNNAMED -Xmx2048m -Dfile.encoding=UTF-8 -Duser.country=RU -Duser.language=ru -Duser.variant org.gradle.launcher.daemon.bootstrap.GradleDaemon 7.4

Host: Intel(R) Core(TM) i5-2450M CPU @ 2.50GHz, 4 cores, 7G,  Windows 8.1 , 64 bit Build 9600 (6.3.9600.20389)
Time: Tue Nov  8 20:30:58 2022 RTZ 4 (ceia) elapsed time: 13.112791 seconds (0d 0h 0m 13s)

---------------  T H R E A D  ---------------

Current thread (0x00000032cd2d7800):  JavaThread "C2 CompilerThread0" daemon [_thread_in_native, id=5048, stack(0x00000032cdd90000,0x00000032cde90000)]


Current CompileTask:
C2:  13112 2534   !   4       java.net.URL::<init> (543 bytes)

Stack: [0x00000032cdd90000,0x00000032cde90000]
Native frames: (J=compiled Java code, j=interpreted, Vv=VM code, C=native code)
V  [jvm.dll+0x6100fa]
V  [jvm.dll+0x747090]
V  [jvm.dll+0x7486ad]
V  [jvm.dll+0x748d83]
V  [jvm.dll+0x24ab48]
V  [jvm.dll+0xc04dc]
V  [jvm.dll+0xc0a0c]
V  [jvm.dll+0x35eb9d]
V  [jvm.dll+0x32b833]
V  [jvm.dll+0x32ad2a]
V  [jvm.dll+0x2032b2]
V  [jvm.dll+0x202437]
V  [jvm.dll+0x188e01]
V  [jvm.dll+0x21106b]
V  [jvm.dll+0x20f8c1]
V  [jvm.dll+0x70de0f]
V  [jvm.dll+0x706a75]
V  [jvm.dll+0x60ed66]
C  [ucrtbase.DLL+0x1f4a0]
C  [KERNEL32.DLL+0x1412]
C  [ntdll.dll+0x15504]


---------------  P R O C E S S  ---------------

Threads class SMR info:
_java_thread_list=0x00000032d0a0b310, length=29, elements={
0x00000032b2985800, 0x00000032cd2c1800, 0x00000032cd2cb000, 0x00000032cc8a9000,
0x00000032cd2d5800, 0x00000032cd2d6800, 0x00000032cd2d7800, 0x00000032cd2de000,
0x00000032cd337000, 0x00000032cd47d800, 0x00000032d08d7000, 0x00000032d056d800,
0x00000032ce444800, 0x00000032ce9a1800, 0x00000032ce685800, 0x00000032cee6b000,
0x00000032cee6c000, 0x00000032ced1e800, 0x00000032d0606000, 0x00000032d0607000,
0x00000032cf301800, 0x00000032cf302000, 0x00000032cf303000, 0x00000032cf303800,
0x00000032cf305800, 0x00000032cf307000, 0x00000032cf304800, 0x00000032cf308000,
0x00000032d0f82800
}

Java Threads: ( => current thread )
  0x00000032b2985800 JavaThread "main" [_thread_blocked, id=1564, stack(0x00000032b08b0000,0x00000032b09b0000)]
  0x00000032cd2c1800 JavaThread "Reference Handler" daemon [_thread_blocked, id=3760, stack(0x00000032cd7b0000,0x00000032cd8b0000)]
  0x00000032cd2cb000 JavaThread "Finalizer" daemon [_thread_blocked, id=4320, stack(0x00000032cd8b0000,0x00000032cd9b0000)]
  0x00000032cc8a9000 JavaThread "Signal Dispatcher" daemon [_thread_blocked, id=3344, stack(0x00000032cda90000,0x00000032cdb90000)]
  0x00000032cd2d5800 JavaThread "Attach Listener" daemon [_thread_blocked, id=4988, stack(0x00000032cdb90000,0x00000032cdc90000)]
  0x00000032cd2d6800 JavaThread "Service Thread" daemon [_thread_blocked, id=4352, stack(0x00000032cdc90000,0x00000032cdd90000)]
=>0x00000032cd2d7800 JavaThread "C2 CompilerThread0" daemon [_thread_in_native, id=5048, stack(0x00000032cdd90000,0x00000032cde90000)]
  0x00000032cd2de000 JavaThread "C1 CompilerThread0" daemon [_thread_blocked, id=4492, stack(0x00000032cde90000,0x00000032cdf90000)]
  0x00000032cd337000 JavaThread "Sweeper thread" daemon [_thread_blocked, id=4728, stack(0x00000032cdf90000,0x00000032ce090000)]
  0x00000032cd47d800 JavaThread "Common-Cleaner" daemon [_thread_blocked, id=3860, stack(0x00000032ce090000,0x00000032ce190000)]
  0x00000032d08d7000 JavaThread "Daemon health stats" [_thread_blocked, id=4640, stack(0x00000032d0260000,0x00000032d0360000)]
  0x00000032d056d800 JavaThread "Incoming local TCP Connector on port 50505" [_thread_in_native, id=3780, stack(0x00000032d1a10000,0x00000032d1b10000)]
  0x00000032ce444800 JavaThread "Daemon periodic checks" [_thread_blocked, id=2996, stack(0x00000032d1d10000,0x00000032d1e10000)]
  0x00000032ce9a1800 JavaThread "Daemon" [_thread_blocked, id=3872, stack(0x00000032d1f10000,0x00000032d2010000)]
  0x00000032ce685800 JavaThread "Handler for socket connection from /127.0.0.1:50505 to /127.0.0.1:50506" [_thread_in_native, id=3912, stack(0x00000032d2010000,0x00000032d2110000)]
  0x00000032cee6b000 JavaThread "Cancel handler" [_thread_blocked, id=3584, stack(0x00000032d2110000,0x00000032d2210000)]
  0x00000032cee6c000 JavaThread "Daemon worker" [_thread_in_vm, id=4232, stack(0x00000032d2210000,0x00000032d2310000)]
  0x00000032ced1e800 JavaThread "Asynchronous log dispatcher for DefaultDaemonConnection: socket connection from /127.0.0.1:50505 to /127.0.0.1:50506" [_thread_blocked, id=2508, stack(0x00000032d2310000,0x00000032d2410000)]
  0x00000032d0606000 JavaThread "Stdin handler" [_thread_blocked, id=1924, stack(0x00000032d2510000,0x00000032d2610000)]
  0x00000032d0607000 JavaThread "Daemon client event forwarder" [_thread_blocked, id=4496, stack(0x00000032d2610000,0x00000032d2710000)]
  0x00000032cf301800 JavaThread "Cache worker for journal cache (C:\Users\Nadezhda S\.gradle\caches\journal-1)" [_thread_blocked, id=4820, stack(0x00000032d2710000,0x00000032d2810000)]
  0x00000032cf302000 JavaThread "File lock request listener" [_thread_in_native, id=4772, stack(0x00000032d2a10000,0x00000032d2b10000)]
  0x00000032cf303000 JavaThread "Cache worker for file hash cache (C:\Users\Nadezhda S\.gradle\caches\7.4\fileHashes)" [_thread_blocked, id=3764, stack(0x00000032d2d10000,0x00000032d2e10000)]
  0x00000032cf303800 JavaThread "File lock release action executor" [_thread_blocked, id=4156, stack(0x00000032d3de0000,0x00000032d3ee0000)]
  0x00000032cf305800 JavaThread "jar transforms" [_thread_blocked, id=1916, stack(0x00000032d4310000,0x00000032d4410000)]
  0x00000032cf307000 JavaThread "jar transforms Thread 2" [_thread_blocked, id=2788, stack(0x00000032d4410000,0x00000032d4510000)]
  0x00000032cf304800 JavaThread "jar transforms Thread 3" [_thread_blocked, id=2264, stack(0x00000032d4510000,0x00000032d4610000)]
  0x00000032cf308000 JavaThread "jar transforms Thread 4" [_thread_blocked, id=4288, stack(0x00000032d4610000,0x00000032d4710000)]
  0x00000032d0f82800 JavaThread "C2 CompilerThread1" daemon [_thread_blocked, id=2824, stack(0x00000032d4710000,0x00000032d4810000)]

Other Threads:
  0x00000032cd2b4000 VMThread "VM Thread" [stack: 0x00000032cd6b0000,0x00000032cd7b0000] [id=864]
  0x00000032cd4e7800 WatcherThread [stack: 0x00000032ce190000,0x00000032ce290000] [id=2832]
  0x00000032b299e800 GCTaskThread "GC Thread#0" [stack: 0x00000032b2310000,0x00000032b2410000] [id=2424]
  0x00000032ce80c000 GCTaskThread "GC Thread#1" [stack: 0x00000032cea90000,0x00000032ceb90000] [id=3548]
  0x00000032ce80c800 GCTaskThread "GC Thread#2" [stack: 0x00000032ceb90000,0x00000032cec90000] [id=3884]
  0x00000032cf778800 GCTaskThread "GC Thread#3" [stack: 0x00000032d1e10000,0x00000032d1f10000] [id=3472]
  0x00000032b29cf800 ConcurrentGCThread "G1 Main Marker" [stack: 0x00000032ca070000,0x00000032ca170000] [id=3192]
  0x00000032b29d3000 ConcurrentGCThread "G1 Conc#0" [stack: 0x00000032ca170000,0x00000032ca270000] [id=4456]
  0x00000032cc6e4800 ConcurrentGCThread "G1 Refine#0" [stack: 0x00000032cc8b0000,0x00000032cc9b0000] [id=1400]
  0x00000032cc6e5800 ConcurrentGCThread "G1 Young RemSet Sampling" [stack: 0x00000032cc9b0000,0x00000032ccab0000] [id=4560]

Threads with active compile tasks:
C2 CompilerThread0  13152 2534   !   4       java.net.URL::<init> (543 bytes)
C1 CompilerThread0  13152 2587   !   3       org.gradle.internal.service.DefaultServiceRegistry$FactoryMethodService::invokeMethod (151 bytes)

VM state:not at safepoint (normal execution)

VM Mutex/Monitor currently owned by a thread: None

Heap address: 0x0000000080000000, size: 2048 MB, Compressed Oops mode: 32-bit
Narrow klass base: 0x0000000000000000, Narrow klass shift: 3
Compressed class space size: 1073741824 Address: 0x0000000100000000

Heap:
 garbage-first heap   total 131072K, used 64543K [0x0000000080000000, 0x0000000100000000)
  region size 1024K, 33 young (33792K), 4 survivors (4096K)
 Metaspace       used 28522K, capacity 29356K, committed 29564K, reserved 1075200K
  class space    used 3716K, capacity 3988K, committed 4044K, reserved 1048576K
Heap Regions: E=young(eden), S=young(survivor), O=old, HS=humongous(starts), HC=humongous(continues), CS=collection set, F=free, A=archive, TAMS=top-at-mark-start (previous, next)
|   0|0x0000000080000000, 0x0000000080100000, 0x0000000080100000|100%|HS|  |TAMS 0x0000000080100000, 0x0000000080000000| Complete 
|   1|0x0000000080100000, 0x0000000080200000, 0x0000000080200000|100%|HC|  |TAMS 0x0000000080200000, 0x0000000080100000| Complete 
|   2|0x0000000080200000, 0x0000000080300000, 0x0000000080300000|100%|HC|  |TAMS 0x0000000080300000, 0x0000000080200000| Complete 
|   3|0x0000000080300000, 0x0000000080400000, 0x0000000080400000|100%| O|  |TAMS 0x0000000080400000, 0x0000000080300000| Untracked 
|   4|0x0000000080400000, 0x0000000080500000, 0x0000000080500000|100%| O|  |TAMS 0x0000000080500000, 0x0000000080400000| Untracked 
|   5|0x0000000080500000, 0x0000000080600000, 0x0000000080600000|100%| O|  |TAMS 0x0000000080600000, 0x0000000080500000| Untracked 
|   6|0x0000000080600000, 0x0000000080700000, 0x0000000080700000|100%| O|  |TAMS 0x0000000080700000, 0x0000000080600000| Untracked 
|   7|0x0000000080700000, 0x0000000080800000, 0x0000000080800000|100%| O|  |TAMS 0x0000000080800000, 0x0000000080700000| Untracked 
|   8|0x0000000080800000, 0x0000000080900000, 0x0000000080900000|100%| O|  |TAMS 0x0000000080900000, 0x0000000080800000| Untracked 
|   9|0x0000000080900000, 0x0000000080a00000, 0x0000000080a00000|100%| O|  |TAMS 0x0000000080a00000, 0x0000000080900000| Untracked 
|  10|0x0000000080a00000, 0x0000000080b00000, 0x0000000080b00000|100%| O|  |TAMS 0x0000000080b00000, 0x0000000080a00000| Untracked 
|  11|0x0000000080b00000, 0x0000000080c00000, 0x0000000080c00000|100%| O|  |TAMS 0x0000000080c00000, 0x0000000080b00000| Untracked 
|  12|0x0000000080c00000, 0x0000000080d00000, 0x0000000080d00000|100%| O|  |TAMS 0x0000000080d00000, 0x0000000080c00000| Untracked 
|  13|0x0000000080d00000, 0x0000000080e00000, 0x0000000080e00000|100%| O|  |TAMS 0x0000000080e00000, 0x0000000080d00000| Untracked 
|  14|0x0000000080e00000, 0x0000000080f00000, 0x0000000080f00000|100%| O|  |TAMS 0x0000000080f00000, 0x0000000080e00000| Untracked 
|  15|0x0000000080f00000, 0x0000000080f36200, 0x0000000081000000| 21%| O|  |TAMS 0x0000000080f36200, 0x0000000080f00000| Untracked 
|  16|0x0000000081000000, 0x0000000081100000, 0x0000000081100000|100%|HS|  |TAMS 0x0000000081000000, 0x0000000081000000| Complete 
|  17|0x0000000081100000, 0x0000000081200000, 0x0000000081200000|100%|HC|  |TAMS 0x0000000081100000, 0x0000000081100000| Complete 
|  18|0x0000000081200000, 0x0000000081300000, 0x0000000081300000|100%|HS|  |TAMS 0x0000000081200000, 0x0000000081200000| Complete 
|  19|0x0000000081300000, 0x0000000081400000, 0x0000000081400000|100%|HC|  |TAMS 0x0000000081300000, 0x0000000081300000| Complete 
|  20|0x0000000081400000, 0x0000000081500000, 0x0000000081500000|100%|HC|  |TAMS 0x0000000081400000, 0x0000000081400000| Complete 
|  21|0x0000000081500000, 0x0000000081600000, 0x0000000081600000|100%|HS|  |TAMS 0x0000000081500000, 0x0000000081500000| Complete 
|  22|0x0000000081600000, 0x0000000081700000, 0x0000000081700000|100%|HC|  |TAMS 0x0000000081600000, 0x0000000081600000| Complete 
|  23|0x0000000081700000, 0x0000000081800000, 0x0000000081800000|100%|HC|  |TAMS 0x0000000081700000, 0x0000000081700000| Complete 
|  24|0x0000000081800000, 0x0000000081900000, 0x0000000081900000|100%|HS|  |TAMS 0x0000000081800000, 0x0000000081800000| Complete 
|  25|0x0000000081900000, 0x0000000081a00000, 0x0000000081a00000|100%|HC|  |TAMS 0x0000000081900000, 0x0000000081900000| Complete 
|  26|0x0000000081a00000, 0x0000000081b00000, 0x0000000081b00000|100%|HC|  |TAMS 0x0000000081a00000, 0x0000000081a00000| Complete 
|  27|0x0000000081b00000, 0x0000000081c00000, 0x0000000081c00000|100%|HC|  |TAMS 0x0000000081b00000, 0x0000000081b00000| Complete 
|  28|0x0000000081c00000, 0x0000000081d00000, 0x0000000081d00000|100%|HS|  |TAMS 0x0000000081c00000, 0x0000000081c00000| Complete 
|  29|0x0000000081d00000, 0x0000000081e00000, 0x0000000081e00000|100%|HC|  |TAMS 0x0000000081d00000, 0x0000000081d00000| Complete 
|  30|0x0000000081e00000, 0x0000000081f00000, 0x0000000081f00000|100%|HC|  |TAMS 0x0000000081e00000, 0x0000000081e00000| Complete 
|  31|0x0000000081f00000, 0x0000000082000000, 0x0000000082000000|100%|HC|  |TAMS 0x0000000081f00000, 0x0000000081f00000| Complete 
|  32|0x0000000082000000, 0x0000000082100000, 0x0000000082100000|100%|HC|  |TAMS 0x0000000082000000, 0x0000000082000000| Complete 
|  33|0x0000000082100000, 0x0000000082100000, 0x0000000082200000|  0%| F|  |TAMS 0x0000000082100000, 0x0000000082100000| Untracked 
|  34|0x0000000082200000, 0x0000000082200000, 0x0000000082300000|  0%| F|  |TAMS 0x0000000082200000, 0x0000000082200000| Untracked 
|  35|0x0000000082300000, 0x0000000082300000, 0x0000000082400000|  0%| F|  |TAMS 0x0000000082300000, 0x0000000082300000| Untracked 
|  36|0x0000000082400000, 0x0000000082400000, 0x0000000082500000|  0%| F|  |TAMS 0x0000000082400000, 0x0000000082400000| Untracked 
|  37|0x0000000082500000, 0x0000000082500000, 0x0000000082600000|  0%| F|  |TAMS 0x0000000082500000, 0x0000000082500000| Untracked 
|  38|0x0000000082600000, 0x0000000082600000, 0x0000000082700000|  0%| F|  |TAMS 0x0000000082600000, 0x0000000082600000| Untracked 
|  39|0x0000000082700000, 0x0000000082700000, 0x0000000082800000|  0%| F|  |TAMS 0x0000000082700000, 0x0000000082700000| Untracked 
|  40|0x0000000082800000, 0x0000000082800000, 0x0000000082900000|  0%| F|  |TAMS 0x0000000082800000, 0x0000000082800000| Untracked 
|  41|0x0000000082900000, 0x0000000082900000, 0x0000000082a00000|  0%| F|  |TAMS 0x0000000082900000, 0x0000000082900000| Untracked 
|  42|0x0000000082a00000, 0x0000000082a00000, 0x0000000082b00000|  0%| F|  |TAMS 0x0000000082a00000, 0x0000000082a00000| Untracked 
|  43|0x0000000082b00000, 0x0000000082b00000, 0x0000000082c00000|  0%| F|  |TAMS 0x0000000082b00000, 0x0000000082b00000| Untracked 
|  44|0x0000000082c00000, 0x0000000082c00000, 0x0000000082d00000|  0%| F|  |TAMS 0x0000000082c00000, 0x0000000082c00000| Untracked 
|  45|0x0000000082d00000, 0x0000000082d00000, 0x0000000082e00000|  0%| F|  |TAMS 0x0000000082d00000, 0x0000000082d00000| Untracked 
|  46|0x0000000082e00000, 0x0000000082e00000, 0x0000000082f00000|  0%| F|  |TAMS 0x0000000082e00000, 0x0000000082e00000| Untracked 
|  47|0x0000000082f00000, 0x0000000082f00000, 0x0000000083000000|  0%| F|  |TAMS 0x0000000082f00000, 0x0000000082f00000| Untracked 
|  48|0x0000000083000000, 0x0000000083000000, 0x0000000083100000|  0%| F|  |TAMS 0x0000000083000000, 0x0000000083000000| Untracked 
|  49|0x0000000083100000, 0x0000000083100000, 0x0000000083200000|  0%| F|  |TAMS 0x0000000083100000, 0x0000000083100000| Untracked 
|  50|0x0000000083200000, 0x0000000083200000, 0x0000000083300000|  0%| F|  |TAMS 0x0000000083200000, 0x0000000083200000| Untracked 
|  51|0x0000000083300000, 0x0000000083300000, 0x0000000083400000|  0%| F|  |TAMS 0x0000000083300000, 0x0000000083300000| Untracked 
|  52|0x0000000083400000, 0x0000000083400000, 0x0000000083500000|  0%| F|  |TAMS 0x0000000083400000, 0x0000000083400000| Untracked 
|  53|0x0000000083500000, 0x0000000083500000, 0x0000000083600000|  0%| F|  |TAMS 0x0000000083500000, 0x0000000083500000| Untracked 
|  54|0x0000000083600000, 0x0000000083600000, 0x0000000083700000|  0%| F|  |TAMS 0x0000000083600000, 0x0000000083600000| Untracked 
|  55|0x0000000083700000, 0x0000000083700000, 0x0000000083800000|  0%| F|  |TAMS 0x0000000083700000, 0x0000000083700000| Untracked 
|  56|0x0000000083800000, 0x0000000083800000, 0x0000000083900000|  0%| F|  |TAMS 0x0000000083800000, 0x0000000083800000| Untracked 
|  57|0x0000000083900000, 0x0000000083900000, 0x0000000083a00000|  0%| F|  |TAMS 0x0000000083900000, 0x0000000083900000| Untracked 
|  58|0x0000000083a00000, 0x0000000083a00000, 0x0000000083b00000|  0%| F|  |TAMS 0x0000000083a00000, 0x0000000083a00000| Untracked 
|  59|0x0000000083b00000, 0x0000000083b00000, 0x0000000083c00000|  0%| F|  |TAMS 0x0000000083b00000, 0x0000000083b00000| Untracked 
|  60|0x0000000083c00000, 0x0000000083c00000, 0x0000000083d00000|  0%| F|  |TAMS 0x0000000083c00000, 0x0000000083c00000| Untracked 
|  61|0x0000000083d00000, 0x0000000083d00000, 0x0000000083e00000|  0%| F|  |TAMS 0x0000000083d00000, 0x0000000083d00000| Untracked 
|  62|0x0000000083e00000, 0x0000000083e00000, 0x0000000083f00000|  0%| F|  |TAMS 0x0000000083e00000, 0x0000000083e00000| Untracked 
|  63|0x0000000083f00000, 0x0000000083f00000, 0x0000000084000000|  0%| F|  |TAMS 0x0000000083f00000, 0x0000000083f00000| Untracked 
|  64|0x0000000084000000, 0x0000000084000000, 0x0000000084100000|  0%| F|  |TAMS 0x0000000084000000, 0x0000000084000000| Untracked 
|  65|0x0000000084100000, 0x0000000084100000, 0x0000000084200000|  0%| F|  |TAMS 0x0000000084100000, 0x0000000084100000| Untracked 
|  66|0x0000000084200000, 0x0000000084200000, 0x0000000084300000|  0%| F|  |TAMS 0x0000000084200000, 0x0000000084200000| Untracked 
|  67|0x0000000084300000, 0x0000000084300000, 0x0000000084400000|  0%| F|  |TAMS 0x0000000084300000, 0x0000000084300000| Untracked 
|  68|0x0000000084400000, 0x0000000084400000, 0x0000000084500000|  0%| F|  |TAMS 0x0000000084400000, 0x0000000084400000| Untracked 
|  69|0x0000000084500000, 0x0000000084500000, 0x0000000084600000|  0%| F|  |TAMS 0x0000000084500000, 0x0000000084500000| Untracked 
|  70|0x0000000084600000, 0x00000000846d1ac0, 0x0000000084700000| 81%| S|CS|TAMS 0x0000000084600000, 0x0000000084600000| Complete 
|  71|0x0000000084700000, 0x0000000084800000, 0x0000000084800000|100%| S|CS|TAMS 0x0000000084700000, 0x0000000084700000| Complete 
|  72|0x0000000084800000, 0x0000000084900000, 0x0000000084900000|100%| S|CS|TAMS 0x0000000084800000, 0x0000000084800000| Complete 
|  73|0x0000000084900000, 0x0000000084a00000, 0x0000000084a00000|100%| S|CS|TAMS 0x0000000084900000, 0x0000000084900000| Complete 
|  74|0x0000000084a00000, 0x0000000084a00000, 0x0000000084b00000|  0%| F|  |TAMS 0x0000000084a00000, 0x0000000084a00000| Untracked 
|  75|0x0000000084b00000, 0x0000000084b00000, 0x0000000084c00000|  0%| F|  |TAMS 0x0000000084b00000, 0x0000000084b00000| Untracked 
|  76|0x0000000084c00000, 0x0000000084c00000, 0x0000000084d00000|  0%| F|  |TAMS 0x0000000084c00000, 0x0000000084c00000| Untracked 
|  77|0x0000000084d00000, 0x0000000084d00000, 0x0000000084e00000|  0%| F|  |TAMS 0x0000000084d00000, 0x0000000084d00000| Untracked 
|  78|0x0000000084e00000, 0x0000000084e00000, 0x0000000084f00000|  0%| F|  |TAMS 0x0000000084e00000, 0x0000000084e00000| Untracked 
|  79|0x0000000084f00000, 0x0000000084f00000, 0x0000000085000000|  0%| F|  |TAMS 0x0000000084f00000, 0x0000000084f00000| Untracked 
|  80|0x0000000085000000, 0x0000000085000000, 0x0000000085100000|  0%| F|  |TAMS 0x0000000085000000, 0x0000000085000000| Untracked 
|  81|0x0000000085100000, 0x0000000085100000, 0x0000000085200000|  0%| F|  |TAMS 0x0000000085100000, 0x0000000085100000| Untracked 
|  82|0x0000000085200000, 0x0000000085200000, 0x0000000085300000|  0%| F|  |TAMS 0x0000000085200000, 0x0000000085200000| Untracked 
|  83|0x0000000085300000, 0x0000000085300000, 0x0000000085400000|  0%| F|  |TAMS 0x0000000085300000, 0x0000000085300000| Untracked 
|  84|0x0000000085400000, 0x0000000085400000, 0x0000000085500000|  0%| F|  |TAMS 0x0000000085400000, 0x0000000085400000| Untracked 
|  85|0x0000000085500000, 0x0000000085500000, 0x0000000085600000|  0%| F|  |TAMS 0x0000000085500000, 0x0000000085500000| Untracked 
|  86|0x0000000085600000, 0x0000000085600000, 0x0000000085700000|  0%| F|  |TAMS 0x0000000085600000, 0x0000000085600000| Untracked 
|  87|0x0000000085700000, 0x0000000085700000, 0x0000000085800000|  0%| F|  |TAMS 0x0000000085700000, 0x0000000085700000| Untracked 
|  88|0x0000000085800000, 0x0000000085800000, 0x0000000085900000|  0%| F|  |TAMS 0x0000000085800000, 0x0000000085800000| Untracked 
|  89|0x0000000085900000, 0x0000000085900000, 0x0000000085a00000|  0%| F|  |TAMS 0x0000000085900000, 0x0000000085900000| Untracked 
|  90|0x0000000085a00000, 0x0000000085a00000, 0x0000000085b00000|  0%| F|  |TAMS 0x0000000085a00000, 0x0000000085a00000| Untracked 
|  91|0x0000000085b00000, 0x0000000085b00000, 0x0000000085c00000|  0%| F|  |TAMS 0x0000000085b00000, 0x0000000085b00000| Untracked 
|  92|0x0000000085c00000, 0x0000000085c00000, 0x0000000085d00000|  0%| F|  |TAMS 0x0000000085c00000, 0x0000000085c00000| Untracked 
|  93|0x0000000085d00000, 0x0000000085d00000, 0x0000000085e00000|  0%| F|  |TAMS 0x0000000085d00000, 0x0000000085d00000| Untracked 
|  94|0x0000000085e00000, 0x0000000085e00000, 0x0000000085f00000|  0%| F|  |TAMS 0x0000000085e00000, 0x0000000085e00000| Untracked 
|  95|0x0000000085f00000, 0x0000000085f00000, 0x0000000086000000|  0%| F|  |TAMS 0x0000000085f00000, 0x0000000085f00000| Untracked 
|  96|0x0000000086000000, 0x0000000086000000, 0x0000000086100000|  0%| F|  |TAMS 0x0000000086000000, 0x0000000086000000| Untracked 
|  97|0x0000000086100000, 0x0000000086100000, 0x0000000086200000|  0%| F|  |TAMS 0x0000000086100000, 0x0000000086100000| Untracked 
|  98|0x0000000086200000, 0x0000000086200000, 0x0000000086300000|  0%| F|  |TAMS 0x0000000086200000, 0x0000000086200000| Untracked 
|  99|0x0000000086300000, 0x0000000086380800, 0x0000000086400000| 50%| E|  |TAMS 0x0000000086300000, 0x0000000086300000| Complete 
| 100|0x0000000086400000, 0x0000000086500000, 0x0000000086500000|100%| E|CS|TAMS 0x0000000086400000, 0x0000000086400000| Complete 
| 101|0x0000000086500000, 0x0000000086600000, 0x0000000086600000|100%| E|CS|TAMS 0x0000000086500000, 0x0000000086500000| Complete 
| 102|0x0000000086600000, 0x0000000086700000, 0x0000000086700000|100%| E|CS|TAMS 0x0000000086600000, 0x0000000086600000| Complete 
| 103|0x0000000086700000, 0x0000000086800000, 0x0000000086800000|100%| E|CS|TAMS 0x0000000086700000, 0x0000000086700000| Complete 
| 104|0x0000000086800000, 0x0000000086900000, 0x0000000086900000|100%| E|CS|TAMS 0x0000000086800000, 0x0000000086800000| Complete 
| 105|0x0000000086900000, 0x0000000086a00000, 0x0000000086a00000|100%| E|CS|TAMS 0x0000000086900000, 0x0000000086900000| Complete 
| 106|0x0000000086a00000, 0x0000000086b00000, 0x0000000086b00000|100%| E|CS|TAMS 0x0000000086a00000, 0x0000000086a00000| Complete 
| 107|0x0000000086b00000, 0x0000000086c00000, 0x0000000086c00000|100%| E|CS|TAMS 0x0000000086b00000, 0x0000000086b00000| Complete 
| 108|0x0000000086c00000, 0x0000000086d00000, 0x0000000086d00000|100%| E|CS|TAMS 0x0000000086c00000, 0x0000000086c00000| Complete 
| 109|0x0000000086d00000, 0x0000000086e00000, 0x0000000086e00000|100%| E|CS|TAMS 0x0000000086d00000, 0x0000000086d00000| Complete 
| 110|0x0000000086e00000, 0x0000000086f00000, 0x0000000086f00000|100%| E|CS|TAMS 0x0000000086e00000, 0x0000000086e00000| Complete 
| 111|0x0000000086f00000, 0x0000000087000000, 0x0000000087000000|100%| E|CS|TAMS 0x0000000086f00000, 0x0000000086f00000| Complete 
| 112|0x0000000087000000, 0x0000000087100000, 0x0000000087100000|100%| E|CS|TAMS 0x0000000087000000, 0x0000000087000000| Complete 
| 113|0x0000000087100000, 0x0000000087200000, 0x0000000087200000|100%| E|CS|TAMS 0x0000000087100000, 0x0000000087100000| Complete 
| 114|0x0000000087200000, 0x0000000087300000, 0x0000000087300000|100%| E|CS|TAMS 0x0000000087200000, 0x0000000087200000| Complete 
| 115|0x0000000087300000, 0x0000000087400000, 0x0000000087400000|100%| E|CS|TAMS 0x0000000087300000, 0x0000000087300000| Complete 
| 116|0x0000000087400000, 0x0000000087500000, 0x0000000087500000|100%| E|CS|TAMS 0x0000000087400000, 0x0000000087400000| Complete 
| 117|0x0000000087500000, 0x0000000087600000, 0x0000000087600000|100%| E|CS|TAMS 0x0000000087500000, 0x0000000087500000| Complete 
| 118|0x0000000087600000, 0x0000000087700000, 0x0000000087700000|100%| E|CS|TAMS 0x0000000087600000, 0x0000000087600000| Complete 
| 119|0x0000000087700000, 0x0000000087800000, 0x0000000087800000|100%| E|CS|TAMS 0x0000000087700000, 0x0000000087700000| Complete 
| 120|0x0000000087800000, 0x0000000087900000, 0x0000000087900000|100%| E|  |TAMS 0x0000000087800000, 0x0000000087800000| Complete 
| 121|0x0000000087900000, 0x0000000087a00000, 0x0000000087a00000|100%| E|CS|TAMS 0x0000000087900000, 0x0000000087900000| Complete 
| 122|0x0000000087a00000, 0x0000000087b00000, 0x0000000087b00000|100%| E|CS|TAMS 0x0000000087a00000, 0x0000000087a00000| Complete 
| 123|0x0000000087b00000, 0x0000000087c00000, 0x0000000087c00000|100%| E|CS|TAMS 0x0000000087b00000, 0x0000000087b00000| Complete 
| 124|0x0000000087c00000, 0x0000000087d00000, 0x0000000087d00000|100%| E|CS|TAMS 0x0000000087c00000, 0x0000000087c00000| Complete 
| 125|0x0000000087d00000, 0x0000000087e00000, 0x0000000087e00000|100%| E|CS|TAMS 0x0000000087d00000, 0x0000000087d00000| Complete 
| 126|0x0000000087e00000, 0x0000000087f00000, 0x0000000087f00000|100%| E|CS|TAMS 0x0000000087e00000, 0x0000000087e00000| Complete 
| 127|0x0000000087f00000, 0x0000000088000000, 0x0000000088000000|100%| E|CS|TAMS 0x0000000087f00000, 0x0000000087f00000| Complete 

Card table byte_map: [0x00000032c5870000,0x00000032c5c70000] _byte_map_base: 0x00000032c5470000

Marking Bits (Prev, Next): (CMBitMap*) 0x00000032b29c6e40, (CMBitMap*) 0x00000032b29c6e08
 Prev Bits: [0x00000032c8070000, 0x00000032ca070000)
 Next Bits: [0x00000032c6070000, 0x00000032c8070000)

Polling page: 0x00000032b09b0000

Metaspace:

Usage:
  Non-class:     24.77 MB capacity,    24.23 MB ( 98%) used,   494.02 KB (  2%) free+waste,    60.38 KB ( <1%) overhead. 
      Class:      3.89 MB capacity,     3.63 MB ( 93%) used,   237.77 KB (  6%) free+waste,    29.94 KB ( <1%) overhead. 
       Both:     28.67 MB capacity,    27.87 MB ( 97%) used,   731.79 KB (  2%) free+waste,    90.31 KB ( <1%) overhead. 

Virtual space:
  Non-class space:       26.00 MB reserved,      24.92 MB ( 96%) committed 
      Class space:        1.00 GB reserved,       3.95 MB ( <1%) committed 
             Both:        1.03 GB reserved,      28.87 MB (  3%) committed 

Chunk freelists:
   Non-Class:  24.00 KB
       Class:  12.00 KB
        Both:  36.00 KB

MaxMetaspaceSize: 17179869184.00 GB
CompressedClassSpaceSize: 1.00 GB
Initial GC threshold: 20.80 MB
Current GC threshold: 35.20 MB
CDS: off

CodeHeap 'non-profiled nmethods': size=120064Kb used=1475Kb max_used=1475Kb free=118588Kb
 bounds [0x00000032bdf30000, 0x00000032be1a0000, 0x00000032c5470000]
CodeHeap 'profiled nmethods': size=120000Kb used=5640Kb max_used=5640Kb free=114359Kb
 bounds [0x00000032b6a00000, 0x00000032b6f90000, 0x00000032bdf30000]
CodeHeap 'non-nmethods': size=5696Kb used=1226Kb max_used=1254Kb free=4469Kb
 bounds [0x00000032b6470000, 0x00000032b66e0000, 0x00000032b6a00000]
 total_blobs=3081 nmethods=2578 adapters=415
 compilation: enabled
              stopped_count=0, restarted_count=0
 full_count=0

Compilation events (20 events):
Event: 13.056 Thread 0x00000032cd2de000 nmethod 2573 0x00000032b6f6cf10 code [0x00000032b6f6d0c0, 0x00000032b6f6d1d8]
Event: 13.056 Thread 0x00000032cd2de000 2574   !   3       org.gradle.internal.service.DefaultServiceRegistry$FactoryService::bind (283 bytes)
Event: 13.061 Thread 0x00000032d0f82800 2575       4       java.util.jar.JarFile::getVersionedEntry (85 bytes)
Event: 13.062 Thread 0x00000032cd2de000 nmethod 2574 0x00000032b6f6d290 code [0x00000032b6f6d9a0, 0x00000032b6f72008]
Event: 13.084 Thread 0x00000032d0f82800 nmethod 2575 0x00000032be09f090 code [0x00000032be09f260, 0x00000032be09fac8]
Event: 13.088 Thread 0x00000032cd2de000 2577       3       org.gradle.internal.service.DefaultServiceRegistry$FactoryService::assembleParameters (58 bytes)
Event: 13.089 Thread 0x00000032cd2de000 nmethod 2577 0x00000032b6f73710 code [0x00000032b6f73900, 0x00000032b6f73ee8]
Event: 13.089 Thread 0x00000032cd2de000 2576       3       org.gradle.internal.service.DefaultServiceRegistry$FactoryService::createServiceInstance (18 bytes)
Event: 13.089 Thread 0x00000032cd2de000 nmethod 2576 0x00000032b6f74110 code [0x00000032b6f742e0, 0x00000032b6f744f8]
Event: 13.091 Thread 0x00000032cd2de000 2578       3       java.util.concurrent.ConcurrentLinkedQueue::offer (120 bytes)
Event: 13.093 Thread 0x00000032cd2de000 nmethod 2578 0x00000032b6f74610 code [0x00000032b6f74a00, 0x00000032b6f76478]
Event: 13.093 Thread 0x00000032cd2de000 2579       3       org.gradle.internal.service.DefaultServiceRegistry$FactoryMethodService::getParameterTypes (10 bytes)
Event: 13.094 Thread 0x00000032cd2de000 nmethod 2579 0x00000032b6f76d90 code [0x00000032b6f76f40, 0x00000032b6f77118]
Event: 13.095 Thread 0x00000032cd2de000 2580       3       jdk.internal.reflect.ReflectionFactory::newMethodAccessor (119 bytes)
Event: 13.098 Thread 0x00000032cd2de000 nmethod 2580 0x00000032b6f77210 code [0x00000032b6f77600, 0x00000032b6f79348]
Event: 13.098 Thread 0x00000032cd2de000 2581       3       jdk.internal.reflect.Reflection::isCallerSensitive (24 bytes)
Event: 13.100 Thread 0x00000032cd2de000 nmethod 2581 0x00000032b6f79c90 code [0x00000032b6f79fc0, 0x00000032b6f7b338]
Event: 13.100 Thread 0x00000032cd2de000 2582       3       jdk.internal.reflect.NativeMethodAccessorImpl::<init> (10 bytes)
Event: 13.101 Thread 0x00000032cd2de000 nmethod 2582 0x00000032b6f7b910 code [0x00000032b6f7bae0, 0x00000032b6f7bd58]
Event: 13.102 Thread 0x00000032d0f82800 2583       4       java.util.HashMap$KeyIterator::next (8 bytes)

GC Heap History (10 events):
Event: 2.057 GC heap before
{Heap before GC invocations=0 (full 0):
 garbage-first heap   total 131072K, used 16384K [0x0000000080000000, 0x0000000100000000)
  region size 1024K, 14 young (14336K), 0 survivors (0K)
 Metaspace       used 6817K, capacity 7001K, committed 7168K, reserved 1056768K
  class space    used 576K, capacity 650K, committed 768K, reserved 1048576K
}
Event: 2.100 GC heap after
{Heap after GC invocations=1 (full 0):
 garbage-first heap   total 131072K, used 4020K [0x0000000080000000, 0x0000000100000000)
  region size 1024K, 2 young (2048K), 2 survivors (2048K)
 Metaspace       used 6817K, capacity 7001K, committed 7168K, reserved 1056768K
  class space    used 576K, capacity 650K, committed 768K, reserved 1048576K
}
Event: 7.901 GC heap before
{Heap before GC invocations=1 (full 0):
 garbage-first heap   total 131072K, used 82868K [0x0000000080000000, 0x0000000100000000)
  region size 1024K, 76 young (77824K), 2 survivors (2048K)
 Metaspace       used 16358K, capacity 16749K, committed 16896K, reserved 1064960K
  class space    used 1845K, capacity 1967K, committed 2048K, reserved 1048576K
}
Event: 7.969 GC heap after
{Heap after GC invocations=2 (full 0):
 garbage-first heap   total 131072K, used 15787K [0x0000000080000000, 0x0000000100000000)
  region size 1024K, 10 young (10240K), 10 survivors (10240K)
 Metaspace       used 16358K, capacity 16749K, committed 16896K, reserved 1064960K
  class space    used 1845K, capacity 1967K, committed 2048K, reserved 1048576K
}
Event: 8.537 GC heap before
{Heap before GC invocations=2 (full 0):
 garbage-first heap   total 131072K, used 28075K [0x0000000080000000, 0x0000000100000000)
  region size 1024K, 22 young (22528K), 10 survivors (10240K)
 Metaspace       used 18134K, capacity 18610K, committed 18688K, reserved 1064960K
  class space    used 2110K, capacity 2260K, committed 2304K, reserved 1048576K
}
Event: 8.556 GC heap after
{Heap after GC invocations=3 (full 0):
 garbage-first heap   total 131072K, used 16753K [0x0000000080000000, 0x0000000100000000)
  region size 1024K, 2 young (2048K), 2 survivors (2048K)
 Metaspace       used 18134K, capacity 18610K, committed 18688K, reserved 1064960K
  class space    used 2110K, capacity 2260K, committed 2304K, reserved 1048576K
}
Event: 9.562 GC heap before
{Heap before GC invocations=3 (full 0):
 garbage-first heap   total 131072K, used 39281K [0x0000000080000000, 0x0000000100000000)
  region size 1024K, 25 young (25600K), 2 survivors (2048K)
 Metaspace       used 20693K, capacity 21163K, committed 21296K, reserved 1069056K
  class space    used 2504K, capacity 2664K, committed 2688K, reserved 1048576K
}
Event: 9.569 GC heap after
{Heap after GC invocations=4 (full 0):
 garbage-first heap   total 131072K, used 17156K [0x0000000080000000, 0x0000000100000000)
  region size 1024K, 2 young (2048K), 2 survivors (2048K)
 Metaspace       used 20693K, capacity 21163K, committed 21296K, reserved 1069056K
  class space    used 2504K, capacity 2664K, committed 2688K, reserved 1048576K
}
Event: 12.402 GC heap before
{Heap before GC invocations=5 (full 0):
 garbage-first heap   total 131072K, used 70404K [0x0000000080000000, 0x0000000100000000)
  region size 1024K, 54 young (55296K), 2 survivors (2048K)
 Metaspace       used 26510K, capacity 27176K, committed 27516K, reserved 1073152K
  class space    used 3429K, capacity 3675K, committed 3788K, reserved 1048576K
}
Event: 12.414 GC heap after
{Heap after GC invocations=6 (full 0):
 garbage-first heap   total 131072K, used 19487K [0x0000000080000000, 0x0000000100000000)
  region size 1024K, 4 young (4096K), 4 survivors (4096K)
 Metaspace       used 26510K, capacity 27176K, committed 27516K, reserved 1073152K
  class space    used 3429K, capacity 3675K, committed 3788K, reserved 1048576K
}

Deoptimization events (20 events):
Event: 12.566 Thread 0x00000032cee6c000 Uncommon trap: trap_request=0xffffff4d fr.pc=0x00000032bdfd0de0 relative=0x0000000000002360
Event: 12.566 Thread 0x00000032cee6c000 Uncommon trap: reason=unstable_if action=reinterpret pc=0x00000032bdfd0de0 method=java.util.zip.ZipFile$Source.initCEN(ILjava/util/zip/ZipCoder;)V @ 621 c2
Event: 12.566 Thread 0x00000032cee6c000 DEOPT PACKING pc=0x00000032bdfd0de0 sp=0x00000032d2306440
Event: 12.566 Thread 0x00000032cee6c000 DEOPT UNPACKING pc=0x00000032b64ba1af sp=0x00000032d2306428 mode 2
Event: 12.622 Thread 0x00000032cee6c000 DEOPT PACKING pc=0x00000032b6f27a16 sp=0x00000032d23042e0
Event: 12.622 Thread 0x00000032cee6c000 DEOPT UNPACKING pc=0x00000032b64ba95e sp=0x00000032d23038b8 mode 0
Event: 12.723 Thread 0x00000032cee6c000 DEOPT PACKING pc=0x00000032b6f27a16 sp=0x00000032d23052f0
Event: 12.723 Thread 0x00000032cee6c000 DEOPT UNPACKING pc=0x00000032b64ba95e sp=0x00000032d23048c8 mode 0
Event: 12.751 Thread 0x00000032cee6c000 DEOPT PACKING pc=0x00000032b6f274d3 sp=0x00000032d23052f0
Event: 12.751 Thread 0x00000032cee6c000 DEOPT UNPACKING pc=0x00000032b64ba95e sp=0x00000032d2304850 mode 0
Event: 12.770 Thread 0x00000032cee6c000 DEOPT PACKING pc=0x00000032b6d782c9 sp=0x00000032d2309980
Event: 12.770 Thread 0x00000032cee6c000 DEOPT UNPACKING pc=0x00000032b64ba95e sp=0x00000032d2308df8 mode 0
Event: 12.784 Thread 0x00000032cee6c000 DEOPT PACKING pc=0x00000032b6d782c9 sp=0x00000032d2309400
Event: 12.784 Thread 0x00000032cee6c000 DEOPT UNPACKING pc=0x00000032b64ba95e sp=0x00000032d2308878 mode 0
Event: 12.799 Thread 0x00000032cee6c000 DEOPT PACKING pc=0x00000032b6d782c9 sp=0x00000032d230a0b0
Event: 12.799 Thread 0x00000032cee6c000 DEOPT UNPACKING pc=0x00000032b64ba95e sp=0x00000032d2309528 mode 0
Event: 13.017 Thread 0x00000032cee6c000 Uncommon trap: trap_request=0xffffff4d fr.pc=0x00000032bdfe0084 relative=0x0000000000001324
Event: 13.017 Thread 0x00000032cee6c000 Uncommon trap: reason=unstable_if action=reinterpret pc=0x00000032bdfe0084 method=java.net.URI.quote(Ljava/lang/String;JJ)Ljava/lang/String; @ 183 c2
Event: 13.017 Thread 0x00000032cee6c000 DEOPT PACKING pc=0x00000032bdfe0084 sp=0x00000032d230a440
Event: 13.017 Thread 0x00000032cee6c000 DEOPT UNPACKING pc=0x00000032b64ba1af sp=0x00000032d230a428 mode 2

Classes redefined (0 events):
No events

Internal exceptions (20 events):
Event: 12.779 Thread 0x00000032cee6c000 Exception <a 'java/lang/NoSuchMethodError'{0x00000000878ce778}: <clinit>> (0x00000000878ce778) thrown at [./src/hotspot/share/prims/jni.cpp, line 1366]
Event: 12.781 Thread 0x00000032cee6c000 Exception <a 'java/lang/NoSuchMethodError'{0x00000000878dd1d0}: <clinit>> (0x00000000878dd1d0) thrown at [./src/hotspot/share/prims/jni.cpp, line 1366]
Event: 12.782 Thread 0x00000032cee6c000 Exception <a 'java/lang/NoSuchMethodError'{0x00000000878ebc08}: <clinit>> (0x00000000878ebc08) thrown at [./src/hotspot/share/prims/jni.cpp, line 1366]
Event: 12.784 Thread 0x00000032cee6c000 Exception <a 'java/lang/NoSuchMethodError'{0x00000000878f8c50}: <clinit>> (0x00000000878f8c50) thrown at [./src/hotspot/share/prims/jni.cpp, line 1366]
Event: 12.789 Thread 0x00000032cee6c000 Exception <a 'java/lang/NoSuchMethodError'{0x00000000877a03b0}: <clinit>> (0x00000000877a03b0) thrown at [./src/hotspot/share/prims/jni.cpp, line 1366]
Event: 12.791 Thread 0x00000032cee6c000 Exception <a 'java/lang/NoSuchMethodError'{0x00000000877b2fa8}: <clinit>> (0x00000000877b2fa8) thrown at [./src/hotspot/share/prims/jni.cpp, line 1366]
Event: 12.794 Thread 0x00000032cee6c000 Exception <a 'java/lang/NoSuchMethodError'{0x00000000877c8c78}: <clinit>> (0x00000000877c8c78) thrown at [./src/hotspot/share/prims/jni.cpp, line 1366]
Event: 12.797 Thread 0x00000032cee6c000 Exception <a 'java/lang/NoSuchMethodError'{0x00000000877f1050}: <clinit>> (0x00000000877f1050) thrown at [./src/hotspot/share/prims/jni.cpp, line 1366]
Event: 12.799 Thread 0x00000032cee6c000 Exception <a 'java/lang/NoSuchMethodError'{0x00000000877fb0e8}: <clinit>> (0x00000000877fb0e8) thrown at [./src/hotspot/share/prims/jni.cpp, line 1366]
Event: 12.800 Thread 0x00000032cee6c000 Exception <a 'java/lang/NoSuchMethodError'{0x0000000087605798}: <clinit>> (0x0000000087605798) thrown at [./src/hotspot/share/prims/jni.cpp, line 1366]
Event: 12.801 Thread 0x00000032cee6c000 Exception <a 'java/lang/NoSuchMethodError'{0x000000008760f9e0}: <clinit>> (0x000000008760f9e0) thrown at [./src/hotspot/share/prims/jni.cpp, line 1366]
Event: 12.817 Thread 0x00000032cee6c000 Exception <a 'java/lang/NoSuchMethodError'{0x00000000876be278}: <clinit>> (0x00000000876be278) thrown at [./src/hotspot/share/prims/jni.cpp, line 1366]
Event: 12.817 Thread 0x00000032cee6c000 Exception <a 'java/lang/NoSuchMethodError'{0x00000000876c0cb0}: <clinit>> (0x00000000876c0cb0) thrown at [./src/hotspot/share/prims/jni.cpp, line 1366]
Event: 12.818 Thread 0x00000032cee6c000 Exception <a 'java/lang/NoSuchMethodError'{0x00000000876c22b8}: <clinit>> (0x00000000876c22b8) thrown at [./src/hotspot/share/prims/jni.cpp, line 1366]
Event: 12.818 Thread 0x00000032cee6c000 Exception <a 'java/lang/NoSuchMethodError'{0x00000000876c3850}: <clinit>> (0x00000000876c3850) thrown at [./src/hotspot/share/prims/jni.cpp, line 1366]
Event: 12.818 Thread 0x00000032cee6c000 Exception <a 'java/lang/NoSuchMethodError'{0x00000000876c4fb0}: <clinit>> (0x00000000876c4fb0) thrown at [./src/hotspot/share/prims/jni.cpp, line 1366]
Event: 12.818 Thread 0x00000032cee6c000 Exception <a 'java/lang/NoSuchMethodError'{0x00000000876c6648}: <clinit>> (0x00000000876c6648) thrown at [./src/hotspot/share/prims/jni.cpp, line 1366]
Event: 12.818 Thread 0x00000032cee6c000 Exception <a 'java/lang/NoSuchMethodError'{0x00000000876c78d8}: <clinit>> (0x00000000876c78d8) thrown at [./src/hotspot/share/prims/jni.cpp, line 1366]
Event: 12.861 Thread 0x00000032cee6c000 Exception <a 'java/lang/NoSuchMethodError'{0x0000000087322448}: 'java.lang.Object java.lang.invoke.Invokers$Holder.linkToTargetMethod(java.lang.Object, int, java.lang.Object)'> (0x0000000087322448) thrown at [./src/hotspot/share/interpreter/linkResolver.cpp, line 773]
Event: 13.017 Thread 0x00000032cee6c000 Implicit null exception at 0x00000032bdfdf102 to 0x00000032bdfe0075

Events (20 events):
Event: 13.104 loading class org/gradle/internal/resource/transport/sftp/SftpClientFactory$SftpClientCreator
Event: 13.104 loading class org/gradle/internal/resource/transport/sftp/SftpClientFactory$SftpClientCreator done
Event: 13.105 loading class com/jcraft/jsch/Logger
Event: 13.105 loading class com/jcraft/jsch/Logger done
Event: 13.106 loading class com/jcraft/jsch/HostKeyRepository
Event: 13.106 loading class com/jcraft/jsch/HostKeyRepository done
Event: 13.107 loading class com/jcraft/jsch/JSchException
Event: 13.107 loading class com/jcraft/jsch/JSchException done
Event: 13.107 loading class org/gradle/internal/resource/transport/sftp/LockableSftpClient
Event: 13.107 loading class org/gradle/internal/resource/transport/sftp/LockableSftpClient done
Event: 13.108 loading class org/gradle/internal/resource/transport/sftp/SftpConnectorFactory
Event: 13.108 loading class org/gradle/internal/resource/transport/sftp/SftpConnectorFactory done
Event: 13.109 loading class org/gradle/internal/service/ServiceRegistry
Event: 13.109 loading class org/gradle/internal/service/ServiceRegistry done
Event: 13.109 loading class org/gradle/api/internal/tasks/NodeExecutionContext
Event: 13.109 loading class org/gradle/api/internal/tasks/NodeExecutionContext done
Event: 13.110 loading class org/gradle/api/internal/artifacts/ivyservice/moduleconverter/dependencies/DefaultExcludeRuleConverter
Event: 13.110 loading class org/gradle/api/internal/artifacts/ivyservice/moduleconverter/dependencies/DefaultExcludeRuleConverter done
Event: 13.111 loading class org/gradle/internal/component/model/ExcludeMetadata
Event: 13.111 loading class org/gradle/internal/component/model/ExcludeMetadata done


Dynamic libraries:
0x00007ff6e47f0000 - 0x00007ff6e47fa000 	C:\Program Files\Android\Android Studio\jre\bin\java.exe
0x00007ffcf48a0000 - 0x00007ffcf4a4d000 	C:\Windows\SYSTEM32\ntdll.dll
0x00007ffcf44b0000 - 0x00007ffcf45ef000 	C:\Windows\system32\KERNEL32.DLL
0x00007ffcf1a10000 - 0x00007ffcf1b25000 	C:\Windows\system32\KERNELBASE.dll
0x00007ffced140000 - 0x00007ffced159000 	C:\Program Files\Android\Android Studio\jre\bin\jli.dll
0x00007ffce85f0000 - 0x00007ffce8607000 	C:\Program Files\Android\Android Studio\jre\bin\VCRUNTIME140.dll
0x00007ffcd0f60000 - 0x00007ffcd0f64000 	C:\Windows\SYSTEM32\api-ms-win-crt-stdio-l1-1-0.dll
0x00007ffcd0b90000 - 0x00007ffcd0b94000 	C:\Windows\SYSTEM32\api-ms-win-crt-runtime-l1-1-0.dll
0x00007ffcd0b70000 - 0x00007ffcd0b73000 	C:\Windows\SYSTEM32\api-ms-win-crt-environment-l1-1-0.dll
0x00007ffcd0b50000 - 0x00007ffcd0b55000 	C:\Windows\SYSTEM32\api-ms-win-crt-math-l1-1-0.dll
0x00007ffccf780000 - 0x00007ffccf783000 	C:\Windows\SYSTEM32\api-ms-win-crt-locale-l1-1-0.dll
0x00007ffcd0b20000 - 0x00007ffcd0b23000 	C:\Windows\SYSTEM32\api-ms-win-crt-heap-l1-1-0.dll
0x00007ffceead0000 - 0x00007ffceed4b000 	C:\Windows\WinSxS\amd64_microsoft.windows.common-controls_6595b64144ccf1df_6.0.9600.19394_none_62486577ecb635cf\COMCTL32.dll
0x00007ffcf3670000 - 0x00007ffcf37e7000 	C:\Windows\system32\USER32.dll
0x00007ffcd0b40000 - 0x00007ffcd0b43000 	C:\Windows\SYSTEM32\api-ms-win-crt-filesystem-l1-1-0.dll
0x00007ffcd0f50000 - 0x00007ffcd0f54000 	C:\Windows\SYSTEM32\api-ms-win-crt-string-l1-1-0.dll
0x00007ffcd0b80000 - 0x00007ffcd0b84000 	C:\Windows\SYSTEM32\api-ms-win-crt-convert-l1-1-0.dll
0x00007ffcf3860000 - 0x00007ffcf390a000 	C:\Windows\system32\msvcrt.dll
0x00007ffcf3970000 - 0x00007ffcf3abe000 	C:\Windows\system32\GDI32.dll
0x00007ffcd0a20000 - 0x00007ffcd0b14000 	C:\Windows\SYSTEM32\ucrtbase.DLL
0x00007ffcf40f0000 - 0x00007ffcf4126000 	C:\Windows\system32\IMM32.DLL
0x00007ffcf4610000 - 0x00007ffcf4761000 	C:\Windows\system32\MSCTF.dll
0x00007ffccf790000 - 0x00007ffccf82d000 	C:\Program Files\Android\Android Studio\jre\bin\msvcp140.dll
0x00007ffccf770000 - 0x00007ffccf775000 	C:\Windows\SYSTEM32\api-ms-win-crt-multibyte-l1-1-0.dll
0x00007ffcd0b30000 - 0x00007ffcd0b33000 	C:\Windows\SYSTEM32\api-ms-win-crt-time-l1-1-0.dll
0x00007ffcd0b60000 - 0x00007ffcd0b63000 	C:\Windows\SYSTEM32\api-ms-win-crt-utility-l1-1-0.dll
0x00007ffccfaa0000 - 0x00007ffcd05a2000 	C:\Program Files\Android\Android Studio\jre\bin\server\jvm.dll
0x00007ffcf42c0000 - 0x00007ffcf436d000 	C:\Windows\system32\ADVAPI32.dll
0x00007ffcea060000 - 0x00007ffcea069000 	C:\Windows\SYSTEM32\WSOCK32.dll
0x00007ffcea200000 - 0x00007ffcea222000 	C:\Windows\SYSTEM32\WINMM.dll
0x00007ffcea320000 - 0x00007ffcea32a000 	C:\Windows\SYSTEM32\VERSION.dll
0x00007ffcf3e40000 - 0x00007ffcf3e47000 	C:\Windows\system32\PSAPI.DLL
0x00007ffcf3ec0000 - 0x00007ffcf3f1b000 	C:\Windows\SYSTEM32\sechost.dll
0x00007ffcf4370000 - 0x00007ffcf44a5000 	C:\Windows\system32\RPCRT4.dll
0x00007ffcf4840000 - 0x00007ffcf489a000 	C:\Windows\system32\WS2_32.dll
0x00007ffcea1d0000 - 0x00007ffcea1fa000 	C:\Windows\SYSTEM32\WINMMBASE.dll
0x00007ffcf1c30000 - 0x00007ffcf1c5e000 	C:\Windows\system32\SspiCli.dll
0x00007ffcf3e50000 - 0x00007ffcf3e59000 	C:\Windows\system32\NSI.dll
0x00007ffcf1b30000 - 0x00007ffcf1b7f000 	C:\Windows\SYSTEM32\cfgmgr32.dll
0x00007ffcf0770000 - 0x00007ffcf0798000 	C:\Windows\SYSTEM32\DEVOBJ.dll
0x00007ffcd0a00000 - 0x00007ffcd0a11000 	C:\Program Files\Android\Android Studio\jre\bin\verify.dll
0x00007ffce39b0000 - 0x00007ffce3b3a000 	C:\Windows\SYSTEM32\DBGHELP.DLL
0x00007ffcd09d0000 - 0x00007ffcd09f9000 	C:\Program Files\Android\Android Studio\jre\bin\java.dll
0x00007ffcd09c0000 - 0x00007ffcd09cb000 	C:\Program Files\Android\Android Studio\jre\bin\jimage.dll
0x00007ffcd06d0000 - 0x00007ffcd06e8000 	C:\Program Files\Android\Android Studio\jre\bin\zip.dll
0x00007ffcf1f20000 - 0x00007ffcf344c000 	C:\Windows\system32\SHELL32.dll
0x00007ffcf3450000 - 0x00007ffcf3662000 	C:\Windows\SYSTEM32\combase.dll
0x00007ffcf3910000 - 0x00007ffcf3964000 	C:\Windows\system32\SHLWAPI.dll
0x00007ffcef820000 - 0x00007ffcef8d2000 	C:\Windows\SYSTEM32\SHCORE.dll
0x00007ffcf1900000 - 0x00007ffcf1915000 	C:\Windows\SYSTEM32\profapi.dll
0x00007ffccfa80000 - 0x00007ffccfa9a000 	C:\Program Files\Android\Android Studio\jre\bin\net.dll
0x00007ffcea830000 - 0x00007ffcea8f9000 	C:\Windows\SYSTEM32\WINHTTP.dll
0x00007ffcf1180000 - 0x00007ffcf11d9000 	C:\Windows\system32\mswsock.dll
0x00007ffccfa60000 - 0x00007ffccfa74000 	C:\Program Files\Android\Android Studio\jre\bin\nio.dll
0x00007ffcd4990000 - 0x00007ffcd49b7000 	C:\Users\Nadezhda S\.gradle\native\e1d6ef7f7dcc3fd88c89a11ec53ec762bb8ba0a96d01ffa2cd45eb1d1d8dd5c5\windows-amd64\native-platform.dll
0x00007ffcd06c0000 - 0x00007ffcd06ca000 	C:\Program Files\Android\Android Studio\jre\bin\management.dll
0x00007ffccfa50000 - 0x00007ffccfa5d000 	C:\Program Files\Android\Android Studio\jre\bin\management_ext.dll
0x00007ffcf11e0000 - 0x00007ffcf1200000 	C:\Windows\SYSTEM32\CRYPTSP.dll
0x00007ffcf0e00000 - 0x00007ffcf0e36000 	C:\Windows\system32\rsaenh.dll
0x00007ffcf1420000 - 0x00007ffcf1446000 	C:\Windows\SYSTEM32\bcrypt.dll
0x00007ffcf0f10000 - 0x00007ffcf0f31000 	C:\Windows\SYSTEM32\USERENV.dll
0x00007ffcf1740000 - 0x00007ffcf17a3000 	C:\Windows\system32\bcryptprimitives.dll
0x00007ffcf1920000 - 0x00007ffcf192b000 	C:\Windows\SYSTEM32\CRYPTBASE.dll
0x00007ffcee7f0000 - 0x00007ffcee81a000 	C:\Windows\SYSTEM32\IPHLPAPI.DLL
0x00007ffced840000 - 0x00007ffced84a000 	C:\Windows\SYSTEM32\WINNSI.DLL
0x00007ffced160000 - 0x00007ffced176000 	C:\Windows\SYSTEM32\dhcpcsvc6.DLL
0x00007ffced640000 - 0x00007ffced65a000 	C:\Windows\SYSTEM32\dhcpcsvc.DLL

dbghelp: loaded successfully - version: 4.0.5 - missing functions: none
symbol engine: initialized successfully - sym options: 0x614 - pdb path: .;C:\Program Files\Android\Android Studio\jre\bin;C:\Windows\SYSTEM32;C:\Windows\WinSxS\amd64_microsoft.windows.common-controls_6595b64144ccf1df_6.0.9600.19394_none_62486577ecb635cf;C:\Program Files\Android\Android Studio\jre\bin\server;C:\Users\Nadezhda S\.gradle\native\e1d6ef7f7dcc3fd88c89a11ec53ec762bb8ba0a96d01ffa2cd45eb1d1d8dd5c5\windows-amd64

VM Arguments:
jvm_args: --add-opens=java.base/java.util=ALL-UNNAMED --add-opens=java.base/java.lang=ALL-UNNAMED --add-opens=java.base/java.lang.invoke=ALL-UNNAMED --add-opens=java.base/java.util=ALL-UNNAMED --add-opens=java.prefs/java.util.prefs=ALL-UNNAMED --add-opens=java.prefs/java.util.prefs=ALL-UNNAMED --add-opens=java.base/java.nio.charset=ALL-UNNAMED --add-opens=java.base/java.net=ALL-UNNAMED --add-opens=java.base/java.util.concurrent.atomic=ALL-UNNAMED -Xmx2048m -Dfile.encoding=UTF-8 -Duser.country=RU -Duser.language=ru -Duser.variant 
java_command: org.gradle.launcher.daemon.bootstrap.GradleDaemon 7.4
java_class_path (initial): C:\Users\Nadezhda S\.gradle\wrapper\dists\gradle-7.4-bin\c0gwcg53nkjbqw7r0h0umtfvt\gradle-7.4\lib\gradle-launcher-7.4.jar
Launcher Type: SUN_STANDARD

[Global flags]
     intx CICompilerCount                          = 3                                         {product} {ergonomic}
     uint ConcGCThreads                            = 1                                         {product} {ergonomic}
     uint G1ConcRefinementThreads                  = 4                                         {product} {ergonomic}
   size_t G1HeapRegionSize                         = 1048576                                   {product} {ergonomic}
    uintx GCDrainStackTargetSize                   = 64                                        {product} {ergonomic}
   size_t InitialHeapSize                          = 134217728                                 {product} {ergonomic}
   size_t MarkStackSize                            = 4194304                                   {product} {ergonomic}
   size_t MaxHeapSize                              = 2147483648                                {product} {command line}
   size_t MaxNewSize                               = 1287651328                                {product} {ergonomic}
   size_t MinHeapDeltaBytes                        = 1048576                                   {product} {ergonomic}
    uintx NonNMethodCodeHeapSize                   = 5830732                                {pd product} {ergonomic}
    uintx NonProfiledCodeHeapSize                  = 122913754                              {pd product} {ergonomic}
    uintx ProfiledCodeHeapSize                     = 122913754                              {pd product} {ergonomic}
    uintx ReservedCodeCacheSize                    = 251658240                              {pd product} {ergonomic}
     bool SegmentedCodeCache                       = true                                      {product} {ergonomic}
     bool UseCompressedClassPointers               = true                                 {lp64_product} {ergonomic}
     bool UseCompressedOops                        = true                                 {lp64_product} {ergonomic}
     bool UseG1GC                                  = true                                      {product} {ergonomic}
     bool UseLargePagesIndividualAllocation        = false                                  {pd product} {ergonomic}

Logging:
Log output configuration:
 #0: stdout all=warning uptime,level,tags
 #1: stderr all=off uptime,level,tags

Environment Variables:
PATH=C:\Windows\system32;C:\Windows;C:\Windows\System32\Wbem;C:\Windows\System32\WindowsPowerShell\v1.0\;C:\Program Files\Git\cmd
USERNAME=Nadezhda S
OS=Windows_NT
PROCESSOR_IDENTIFIER=Intel64 Family 6 Model 42 Stepping 7, GenuineIntel



---------------  S Y S T E M  ---------------

OS: Windows 8.1 , 64 bit Build 9600 (6.3.9600.20389)
OS uptime: 0 days 5:56 hours

CPU:total 4 (initial active 4) (2 cores per cpu, 2 threads per core) family 6 model 42 stepping 7 microcode 0x28, cmov, cx8, fxsr, mmx, sse, sse2, sse3, ssse3, sse4.1, sse4.2, popcnt, avx, aes, clmul, ht, tsc, tscinvbit

Memory: 4k page, system-wide physical 8105M (868M free)
TotalPageFile size 8105M (AvailPageFile size 5M)
current process WorkingSet (physical memory assigned to process): 235M, peak: 235M
current process commit charge ("private bytes"): 279M, peak: 280M

vm_info: OpenJDK 64-Bit Server VM (11.0.13+0-b1751.21-8125866) for windows-amd64 JRE (11.0.13+0-b1751.21-8125866), built on Feb  2 2022 03:00:22 by "builder" with MS VC++ 14.0 (VS2015)

END.
